<?xml version="1.0" encoding="UTF-8"?>
<!-- Generated by org.testng.reporters.JUnitXMLReporter -->
<testsuite ignored="0" hostname="Raashids-Air.ht.home" failures="0" tests="3" name="Test" time="125.351" errors="0" timestamp="16 Nov. 2023 20:08:09 GMT">
  <testcase classname="test.homePageTest" name="clickNavbar" time="96.102"/>
  <testcase classname="test.investmentTest" name="navClick" time="8.936"/>
  <testcase classname="test.mortgageTest" name="calculateMortgage" time="5.959"/>
</testsuite> <!-- Test -->
